2022-12-13T08:13:44+00:00 CRITICAL syntax error, unexpected '=' in /var/www/test.tomassotables.com/public_html/wp-content/themes/tomassotables-child/functions.php on line 603

2022-12-13T08:13:49+00:00 CRITICAL syntax error, unexpected '=' in /var/www/test.tomassotables.com/public_html/wp-content/themes/tomassotables-child/functions.php on line 603

2022-12-13T08:13:52+00:00 CRITICAL syntax error, unexpected '=' in /var/www/test.tomassotables.com/public_html/wp-content/themes/tomassotables-child/functions.php op de lijn 603

2022-12-13T08:14:49+00:00 CRITICAL syntax error, unexpected '=' in /var/www/test.tomassotables.com/public_html/wp-content/themes/tomassotables-child/functions.php on line 603

2022-12-13T08:15:38+00:00 CRITICAL syntax error, unexpected '=' in /var/www/test.tomassotables.com/public_html/wp-content/themes/tomassotables-child/functions.php op de lijn 603

2022-12-13T08:28:03+00:00 CRITICAL Uncaught Error: Call to a member function get_var() on null in /var/www/test.tomassotables.com/public_html/wp-content/themes/tomassotables-child/functions.php:613
Stack trace:
#0 /var/www/test.tomassotables.com/public_html/wp-includes/class-wp-hook.php(308): bf_do_something_on_schedule()
#1 /var/www/test.tomassotables.com/public_html/wp-includes/class-wp-hook.php(332): WP_Hook->apply_filters()
#2 /var/www/test.tomassotables.com/public_html/wp-includes/plugin.php(565): WP_Hook->do_action()
#3 /var/www/test.tomassotables.com/public_html/wp-cron.php(188): do_action_ref_array()
#4 {main}
  thrown in /var/www/test.tomassotables.com/public_html/wp-content/themes/tomassotables-child/functions.php op de lijn 613

2022-12-13T08:31:26+00:00 CRITICAL Uncaught Error: Call to a member function get_var() on null in /var/www/test.tomassotables.com/public_html/wp-content/themes/tomassotables-child/functions.php:613
Stack trace:
#0 /var/www/test.tomassotables.com/public_html/wp-includes/class-wp-hook.php(308): bf_do_something_on_schedule()
#1 /var/www/test.tomassotables.com/public_html/wp-includes/class-wp-hook.php(332): WP_Hook->apply_filters()
#2 /var/www/test.tomassotables.com/public_html/wp-includes/plugin.php(565): WP_Hook->do_action()
#3 /var/www/test.tomassotables.com/public_html/wp-cron.php(188): do_action_ref_array()
#4 {main}
  thrown in /var/www/test.tomassotables.com/public_html/wp-content/themes/tomassotables-child/functions.php op de lijn 613

2022-12-13T08:36:03+00:00 CRITICAL Uncaught Error: Call to a member function get_var() on null in /var/www/test.tomassotables.com/public_html/wp-content/themes/tomassotables-child/functions.php:613
Stack trace:
#0 /var/www/test.tomassotables.com/public_html/wp-includes/shortcodes.php(355): bf_do_something_on_schedule()
#1 [internal function]: do_shortcode_tag()
#2 /var/www/test.tomassotables.com/public_html/wp-includes/shortcodes.php(227): preg_replace_callback()
#3 /var/www/test.tomassotables.com/public_html/wp-includes/class-wp-hook.php(308): do_shortcode()
#4 /var/www/test.tomassotables.com/public_html/wp-includes/plugin.php(205): WP_Hook->apply_filters()
#5 /var/www/test.tomassotables.com/public_html/vendor/timber/timber/lib/Post.php(1228): apply_filters()
#6 /var/www/test.tomassotables.com/public_html/vendor/twig/twig/src/Extension/CoreExtension.php(1566): Timber\Post->content()
#7 /var/www/test.tomassotables.com/public_html/vendor/twig/twig/src/Environment.php(418) : eval()'d code(37): twig_get_attribute()
#8 /var/www/test.tomassotables. in /var/www/test.tomassotables.com/public_html/wp-content/themes/tomassotables-child/functions.php op de lijn 613

2022-12-13T08:36:09+00:00 CRITICAL Uncaught Error: Call to a member function get_var() on null in /var/www/test.tomassotables.com/public_html/wp-content/themes/tomassotables-child/functions.php:613
Stack trace:
#0 /var/www/test.tomassotables.com/public_html/wp-includes/shortcodes.php(355): bf_do_something_on_schedule()
#1 [internal function]: do_shortcode_tag()
#2 /var/www/test.tomassotables.com/public_html/wp-includes/shortcodes.php(227): preg_replace_callback()
#3 /var/www/test.tomassotables.com/public_html/wp-includes/class-wp-hook.php(308): do_shortcode()
#4 /var/www/test.tomassotables.com/public_html/wp-includes/plugin.php(205): WP_Hook->apply_filters()
#5 /var/www/test.tomassotables.com/public_html/wp-content/plugins/wordpress-seo/src/builders/indexable-link-builder.php(103): apply_filters()
#6 /var/www/test.tomassotables.com/public_html/wp-content/plugins/wordpress-seo/src/integrations/watchers/indexable-post-watcher.php(197): Yoast\WP\SEO\Builders\Indexable_Link_Builder->build()
#7 /var/www/test.tomassotables.com/public_html/wp-include in /var/www/test.tomassotables.com/public_html/wp-content/themes/tomassotables-child/functions.php on line 613

2022-12-13T08:36:11+00:00 CRITICAL Uncaught Error: Call to a member function get_var() on null in /var/www/test.tomassotables.com/public_html/wp-content/themes/tomassotables-child/functions.php:613
Stack trace:
#0 /var/www/test.tomassotables.com/public_html/wp-includes/shortcodes.php(355): bf_do_something_on_schedule()
#1 [internal function]: do_shortcode_tag()
#2 /var/www/test.tomassotables.com/public_html/wp-includes/shortcodes.php(227): preg_replace_callback()
#3 /var/www/test.tomassotables.com/public_html/wp-includes/class-wp-hook.php(308): do_shortcode()
#4 /var/www/test.tomassotables.com/public_html/wp-includes/plugin.php(205): WP_Hook->apply_filters()
#5 /var/www/test.tomassotables.com/public_html/vendor/timber/timber/lib/Post.php(1228): apply_filters()
#6 /var/www/test.tomassotables.com/public_html/vendor/twig/twig/src/Extension/CoreExtension.php(1566): Timber\Post->content()
#7 /var/www/test.tomassotables.com/public_html/vendor/twig/twig/src/Environment.php(418) : eval()'d code(37): twig_get_attribute()
#8 /var/www/test.tomassotables. in /var/www/test.tomassotables.com/public_html/wp-content/themes/tomassotables-child/functions.php op de lijn 613

2022-12-13T10:36:12+00:00 CRITICAL Cannot redeclare bf_do_something_on_schedule() (previously declared in /var/www/test.tomassotables.com/public_html/wp-content/themes/tomassotables-child/functions.php:709) in /var/www/test.tomassotables.com/public_html/wp-content/themes/tomassotables-child/functions.php op de lijn 708

2022-12-13T10:36:16+00:00 CRITICAL Cannot redeclare bf_do_something_on_schedule() (previously declared in /var/www/test.tomassotables.com/public_html/wp-content/themes/tomassotables-child/functions.php:709) in /var/www/test.tomassotables.com/public_html/wp-content/themes/tomassotables-child/functions.php op de lijn 708

2022-12-13T10:36:20+00:00 CRITICAL Cannot redeclare bf_do_something_on_schedule() (previously declared in /var/www/test.tomassotables.com/public_html/wp-content/themes/tomassotables-child/functions.php:709) in /var/www/test.tomassotables.com/public_html/wp-content/themes/tomassotables-child/functions.php op de lijn 708

2022-12-13T10:36:20+00:00 CRITICAL Cannot redeclare bf_do_something_on_schedule() (previously declared in /var/www/test.tomassotables.com/public_html/wp-content/themes/tomassotables-child/functions.php:709) in /var/www/test.tomassotables.com/public_html/wp-content/themes/tomassotables-child/functions.php op de lijn 708

2022-12-13T10:36:20+00:00 CRITICAL Cannot redeclare bf_do_something_on_schedule() (previously declared in /var/www/test.tomassotables.com/public_html/wp-content/themes/tomassotables-child/functions.php:709) in /var/www/test.tomassotables.com/public_html/wp-content/themes/tomassotables-child/functions.php op de lijn 708

2022-12-13T10:36:21+00:00 CRITICAL Cannot redeclare bf_do_something_on_schedule() (previously declared in /var/www/test.tomassotables.com/public_html/wp-content/themes/tomassotables-child/functions.php:709) in /var/www/test.tomassotables.com/public_html/wp-content/themes/tomassotables-child/functions.php op de lijn 708

2022-12-13T10:37:23+00:00 CRITICAL Cannot redeclare bf_do_something_on_schedule() (previously declared in /var/www/test.tomassotables.com/public_html/wp-content/themes/tomassotables-child/functions.php:709) in /var/www/test.tomassotables.com/public_html/wp-content/themes/tomassotables-child/functions.php op de lijn 708

2022-12-13T10:37:44+00:00 CRITICAL Cannot redeclare bf_do_something_on_schedule() (previously declared in /var/www/test.tomassotables.com/public_html/wp-content/themes/tomassotables-child/functions.php:709) in /var/www/test.tomassotables.com/public_html/wp-content/themes/tomassotables-child/functions.php op de lijn 708

2022-12-13T10:37:47+00:00 CRITICAL syntax error, unexpected '$bf_do_something_on_schedule' (T_VARIABLE), expecting '(' in /var/www/test.tomassotables.com/public_html/wp-content/themes/tomassotables-child/functions.php on line 709

2022-12-13T10:37:47+00:00 CRITICAL syntax error, unexpected '$bf_do_something_on_schedule' (T_VARIABLE), expecting '(' in /var/www/test.tomassotables.com/public_html/wp-content/themes/tomassotables-child/functions.php op de lijn 709

2022-12-13T10:37:49+00:00 CRITICAL syntax error, unexpected '$bf_do_something_on_schedule' (T_VARIABLE), expecting '(' in /var/www/test.tomassotables.com/public_html/wp-content/themes/tomassotables-child/functions.php op de lijn 709

2022-12-13T10:38:24+00:00 CRITICAL syntax error, unexpected '$bf_do_something_on_schedule' (T_VARIABLE), expecting '(' in /var/www/test.tomassotables.com/public_html/wp-content/themes/tomassotables-child/functions.php op de lijn 709

2022-12-13T10:38:27+00:00 CRITICAL syntax error, unexpected '$bf_do_something_on_schedule' (T_VARIABLE), expecting '(' in /var/www/test.tomassotables.com/public_html/wp-content/themes/tomassotables-child/functions.php op de lijn 709

2022-12-13T10:38:47+00:00 CRITICAL Cannot redeclare bf_do_something_on_schedule() (previously declared in /var/www/test.tomassotables.com/public_html/wp-content/themes/tomassotables-child/functions.php:708) in /var/www/test.tomassotables.com/public_html/wp-content/themes/tomassotables-child/functions.php op de lijn 707

2022-12-13T10:38:58+00:00 CRITICAL Cannot redeclare bf_do_something_on_schedule() (previously declared in /var/www/test.tomassotables.com/public_html/wp-content/themes/tomassotables-child/functions.php:708) in /var/www/test.tomassotables.com/public_html/wp-content/themes/tomassotables-child/functions.php op de lijn 707

2022-12-13T10:39:26+00:00 CRITICAL Cannot redeclare bf_do_something_on_schedule() (previously declared in /var/www/test.tomassotables.com/public_html/wp-content/themes/tomassotables-child/functions.php:708) in /var/www/test.tomassotables.com/public_html/wp-content/themes/tomassotables-child/functions.php op de lijn 707

2022-12-13T10:39:47+00:00 CRITICAL Cannot redeclare bf_do_something_on_schedule() (previously declared in /var/www/test.tomassotables.com/public_html/wp-content/themes/tomassotables-child/functions.php:708) in /var/www/test.tomassotables.com/public_html/wp-content/themes/tomassotables-child/functions.php on line 707

2022-12-13T10:39:48+00:00 CRITICAL Cannot redeclare bf_do_something_on_schedule() (previously declared in /var/www/test.tomassotables.com/public_html/wp-content/themes/tomassotables-child/functions.php:708) in /var/www/test.tomassotables.com/public_html/wp-content/themes/tomassotables-child/functions.php on line 707

2022-12-13T10:40:09+00:00 CRITICAL Cannot redeclare bf_do_something_on_schedule() (previously declared in /var/www/test.tomassotables.com/public_html/wp-content/themes/tomassotables-child/functions.php:713) in /var/www/test.tomassotables.com/public_html/wp-content/themes/tomassotables-child/functions.php op de lijn 712

2022-12-13T10:40:27+00:00 CRITICAL Cannot redeclare bf_do_something_on_schedule() (previously declared in /var/www/test.tomassotables.com/public_html/wp-content/themes/tomassotables-child/functions.php:713) in /var/www/test.tomassotables.com/public_html/wp-content/themes/tomassotables-child/functions.php op de lijn 712

2022-12-13T10:41:28+00:00 CRITICAL Cannot redeclare bf_do_something_on_schedule() (previously declared in /var/www/test.tomassotables.com/public_html/wp-content/themes/tomassotables-child/functions.php:713) in /var/www/test.tomassotables.com/public_html/wp-content/themes/tomassotables-child/functions.php op de lijn 712

2022-12-13T10:41:37+00:00 CRITICAL syntax error, unexpected '.', expecting '(' in /var/www/test.tomassotables.com/public_html/wp-content/themes/tomassotables-child/functions.php op de lijn 712

2022-12-13T10:41:47+00:00 CRITICAL syntax error, unexpected '.', expecting '(' in /var/www/test.tomassotables.com/public_html/wp-content/themes/tomassotables-child/functions.php on line 712

2022-12-13T10:41:49+00:00 CRITICAL syntax error, unexpected '.', expecting '(' in /var/www/test.tomassotables.com/public_html/wp-content/themes/tomassotables-child/functions.php on line 712

2022-12-13T10:42:30+00:00 CRITICAL Cannot redeclare bf_do_something_on_schedule() (previously declared in /var/www/test.tomassotables.com/public_html/wp-content/themes/tomassotables-child/functions.php:713) in /var/www/test.tomassotables.com/public_html/wp-content/themes/tomassotables-child/functions.php op de lijn 712

2022-12-13T10:46:23+00:00 CRITICAL syntax error, unexpected '$p' (T_VARIABLE) in /var/www/test.tomassotables.com/public_html/wp-content/themes/tomassotables-child/functions.php op de lijn 713

2022-12-13T10:46:25+00:00 CRITICAL syntax error, unexpected '$p' (T_VARIABLE) in /var/www/test.tomassotables.com/public_html/wp-content/themes/tomassotables-child/functions.php op de lijn 713

2022-12-13T10:46:26+00:00 CRITICAL syntax error, unexpected '$p' (T_VARIABLE) in /var/www/test.tomassotables.com/public_html/wp-content/themes/tomassotables-child/functions.php op de lijn 713

2022-12-13T10:46:26+00:00 CRITICAL syntax error, unexpected '$p' (T_VARIABLE) in /var/www/test.tomassotables.com/public_html/wp-content/themes/tomassotables-child/functions.php op de lijn 713

2022-12-13T10:46:26+00:00 CRITICAL syntax error, unexpected '$p' (T_VARIABLE) in /var/www/test.tomassotables.com/public_html/wp-content/themes/tomassotables-child/functions.php op de lijn 713

2022-12-13T10:46:26+00:00 CRITICAL syntax error, unexpected '$p' (T_VARIABLE) in /var/www/test.tomassotables.com/public_html/wp-content/themes/tomassotables-child/functions.php op de lijn 713

2022-12-13T10:46:26+00:00 CRITICAL syntax error, unexpected '$p' (T_VARIABLE) in /var/www/test.tomassotables.com/public_html/wp-content/themes/tomassotables-child/functions.php op de lijn 713

2022-12-13T10:46:35+00:00 CRITICAL syntax error, unexpected '$p' (T_VARIABLE) in /var/www/test.tomassotables.com/public_html/wp-content/themes/tomassotables-child/functions.php op de lijn 713

2022-12-13T10:47:36+00:00 CRITICAL syntax error, unexpected '$p' (T_VARIABLE) in /var/www/test.tomassotables.com/public_html/wp-content/themes/tomassotables-child/functions.php op de lijn 713

2022-12-13T10:47:47+00:00 CRITICAL syntax error, unexpected '"bf_do_something_on_schedule"' (T_CONSTANT_ENCAPSED_STRING), expecting '(' in /var/www/test.tomassotables.com/public_html/wp-content/themes/tomassotables-child/functions.php op de lijn 713

2022-12-13T10:47:49+00:00 CRITICAL syntax error, unexpected '"bf_do_something_on_schedule"' (T_CONSTANT_ENCAPSED_STRING), expecting '(' in /var/www/test.tomassotables.com/public_html/wp-content/themes/tomassotables-child/functions.php op de lijn 713

2022-12-13T10:47:49+00:00 CRITICAL syntax error, unexpected '"bf_do_something_on_schedule"' (T_CONSTANT_ENCAPSED_STRING), expecting '(' in /var/www/test.tomassotables.com/public_html/wp-content/themes/tomassotables-child/functions.php op de lijn 713

2022-12-13T10:47:51+00:00 CRITICAL syntax error, unexpected '"bf_do_something_on_schedule"' (T_CONSTANT_ENCAPSED_STRING), expecting '(' in /var/www/test.tomassotables.com/public_html/wp-content/themes/tomassotables-child/functions.php on line 713

2022-12-13T10:48:22+00:00 CRITICAL Cannot redeclare bf_do_something_on_schedule() (previously declared in /var/www/test.tomassotables.com/public_html/wp-content/themes/tomassotables-child/functions.php:713) in /var/www/test.tomassotables.com/public_html/wp-content/themes/tomassotables-child/functions.php op de lijn 712

2022-12-13T10:48:37+00:00 CRITICAL Cannot redeclare bf_do_something_on_schedule() (previously declared in /var/www/test.tomassotables.com/public_html/wp-content/themes/tomassotables-child/functions.php:713) in /var/www/test.tomassotables.com/public_html/wp-content/themes/tomassotables-child/functions.php op de lijn 712

