2022-11-18T06:10:00+00:00 INFO Array
(
    [Webhook Delivery] => Array
        (
            [Delivery ID] => 74bf8bf2f9e231482ce9e7df5e99fa0c
            [Date] => Nov 18, 2022 @ 6:10
            [URL] => https://production.rutterapi.com/woocommerce/webhooks/db4ea65d-79db-4363-91da-00933dae6b42
            [Duration] => 0.35965
            [Request] => Array
                (
                    [Method] => POST
                    [Headers] => Array
                        (
                            [User-Agent] => WooCommerce/7.0.0 Hookshot (WordPress/6.1.1)
                            [Content-Type] => application/json
                            [X-WC-Webhook-Source] => https://test.tomassotables.com/nl/
                            [X-WC-Webhook-Topic] => product.deleted
                            [X-WC-Webhook-Resource] => product
                            [X-WC-Webhook-Event] => deleted
                            [X-WC-Webhook-Signature] => zr8uUF6IXilRsHebO5qIAvHFeaf3QPm+bzGVg4aKYPw=
                            [X-WC-Webhook-ID] => 2
                            [X-WC-Webhook-Delivery-ID] => 74bf8bf2f9e231482ce9e7df5e99fa0c
                        )

                )

            [Body] => Webhook body is not logged unless WP_DEBUG mode is turned on. This is to avoid the storing of personal data in the logs.
            [Response] => Array
                (
                    [Code] => 200
                    [Message] => OK
                    [Headers] => Requests_Utility_CaseInsensitiveDictionary Object
                        (
                            [data:protected] => Array
                                (
                                    [date] => Fri, 18 Nov 2022 06:10:00 GMT
                                    [content-type] => text/plain; charset=utf-8
                                    [content-length] => 2
                                    [x-powered-by] => Express
                                    [access-control-allow-origin] => *
                                    [etag] => W/"2-nOO9QiTIwXgNtWtBJezz8kv3SLc"
                                    [via] => 1.1 vegur
                                    [cf-cache-status] => DYNAMIC
                                    [report-to] => {"endpoints":[{"url":"https:\/\/a.nel.cloudflare.com\/report\/v3?s=ch1uFcDdS5ZqpXQoVvFbXjgiXZioWv6u8mq%2BzKwNyiVCrWJr6pEaoE5ybmy%2B41bk5ffwzmkwv5xnIeA%2B%2FbHp0kmC3uMsdf0hxI163csYFJ8QouMbIlRRknsnWtDt6byPzGsi7Iyt4f1pVSgenuGapBBmRBPv1w%3D%3D"}],"group":"cf-nel","max_age":604800}
                                    [nel] => {"success_fraction":0,"report_to":"cf-nel","max_age":604800}
                                    [server] => cloudflare
                                    [cf-ray] => 76be8a6019d40bd0-AMS
                                )

                        )

                    [Body] => Webhook body is not logged unless WP_DEBUG mode is turned on. This is to avoid the storing of personal data in the logs.
                )

        )

)

2022-11-18T06:11:03+00:00 INFO Array
(
    [Webhook Delivery] => Array
        (
            [Delivery ID] => c09a8109e46876e3e62ac4d6a8046c81
            [Date] => Nov 18, 2022 @ 6:11
            [URL] => https://production.rutterapi.com/woocommerce/webhooks/db4ea65d-79db-4363-91da-00933dae6b42
            [Duration] => 0.31408
            [Request] => Array
                (
                    [Method] => POST
                    [Headers] => Array
                        (
                            [User-Agent] => WooCommerce/7.0.0 Hookshot (WordPress/6.1.1)
                            [Content-Type] => application/json
                            [X-WC-Webhook-Source] => https://test.tomassotables.com/nl/
                            [X-WC-Webhook-Topic] => product.deleted
                            [X-WC-Webhook-Resource] => product
                            [X-WC-Webhook-Event] => deleted
                            [X-WC-Webhook-Signature] => ME/oKQElC8g+edEd/CX1drV3no2AwKyQcmCcSUf+6KE=
                            [X-WC-Webhook-ID] => 2
                            [X-WC-Webhook-Delivery-ID] => c09a8109e46876e3e62ac4d6a8046c81
                        )

                )

            [Body] => Webhook body is not logged unless WP_DEBUG mode is turned on. This is to avoid the storing of personal data in the logs.
            [Response] => Array
                (
                    [Code] => 200
                    [Message] => OK
                    [Headers] => Requests_Utility_CaseInsensitiveDictionary Object
                        (
                            [data:protected] => Array
                                (
                                    [date] => Fri, 18 Nov 2022 06:11:03 GMT
                                    [content-type] => text/plain; charset=utf-8
                                    [content-length] => 2
                                    [x-powered-by] => Express
                                    [access-control-allow-origin] => *
                                    [etag] => W/"2-nOO9QiTIwXgNtWtBJezz8kv3SLc"
                                    [via] => 1.1 vegur
                                    [cf-cache-status] => DYNAMIC
                                    [report-to] => {"endpoints":[{"url":"https:\/\/a.nel.cloudflare.com\/report\/v3?s=iLmF2f%2FboW9NZfPthcRBRjGaCgl%2B1elFi8XM6iVTR9gCcg%2FGf1uXtVzhH1DTLfUJoAXUh1h053%2Fen3KzOv3c%2F9WMh%2BVyOl8O2zyy6lp0Y%2F4ABxK675yLlyL8XxbkLJbMZaBFwdf034qUXb120qZCnPUrReVT4Q%3D%3D"}],"group":"cf-nel","max_age":604800}
                                    [nel] => {"success_fraction":0,"report_to":"cf-nel","max_age":604800}
                                    [server] => cloudflare
                                    [cf-ray] => 76be8be86abb0e32-AMS
                                )

                        )

                    [Body] => Webhook body is not logged unless WP_DEBUG mode is turned on. This is to avoid the storing of personal data in the logs.
                )

        )

)

2022-11-18T12:23:54+00:00 INFO Array
(
    [Webhook Delivery] => Array
        (
            [Delivery ID] => b6dcb95dc5402e9a170e6388a1adf28b
            [Date] => nov 18, 2022 @ 12:23
            [URL] => https://production.rutterapi.com/woocommerce/webhooks/db4ea65d-79db-4363-91da-00933dae6b42
            [Duration] => 0.3496
            [Request] => Array
                (
                    [Method] => POST
                    [Headers] => Array
                        (
                            [User-Agent] => WooCommerce/7.0.0 Hookshot (WordPress/6.1.1)
                            [Content-Type] => application/json
                            [X-WC-Webhook-Source] => https://test.tomassotables.com/nl/
                            [X-WC-Webhook-Topic] => product.deleted
                            [X-WC-Webhook-Resource] => product
                            [X-WC-Webhook-Event] => deleted
                            [X-WC-Webhook-Signature] => 6f4hlrkV7RMqtKnwL/ZF6/nKnqoRNy9UitK9FbRTXus=
                            [X-WC-Webhook-ID] => 2
                            [X-WC-Webhook-Delivery-ID] => b6dcb95dc5402e9a170e6388a1adf28b
                        )

                )

            [Body] => Webhook body is not logged unless WP_DEBUG mode is turned on. This is to avoid the storing of personal data in the logs.
            [Response] => Array
                (
                    [Code] => 200
                    [Message] => OK
                    [Headers] => Requests_Utility_CaseInsensitiveDictionary Object
                        (
                            [data:protected] => Array
                                (
                                    [date] => Fri, 18 Nov 2022 12:23:54 GMT
                                    [content-type] => text/plain; charset=utf-8
                                    [content-length] => 2
                                    [x-powered-by] => Express
                                    [access-control-allow-origin] => *
                                    [etag] => W/"2-nOO9QiTIwXgNtWtBJezz8kv3SLc"
                                    [via] => 1.1 vegur
                                    [cf-cache-status] => DYNAMIC
                                    [report-to] => {"endpoints":[{"url":"https:\/\/a.nel.cloudflare.com\/report\/v3?s=YQ9TEfhXB7GOqGqBEjj%2BSlra1nbLQsA7zXy4tlUknW3XS%2FuyeMJ%2FHkFgtjhElFXesGYPWuqrVHIJ3REsC%2F4RVgc5j5JykSp3lue63IdmlzQGZ5HmwiV8yNHQphPrZWYVme%2FXtUT3X%2Fa4L0MQiec5pRHYoX5qnQ%3D%3D"}],"group":"cf-nel","max_age":604800}
                                    [nel] => {"success_fraction":0,"report_to":"cf-nel","max_age":604800}
                                    [server] => cloudflare
                                    [cf-ray] => 76c0ae14f9fab909-AMS
                                )

                        )

                    [Body] => Webhook body is not logged unless WP_DEBUG mode is turned on. This is to avoid the storing of personal data in the logs.
                )

        )

)

2022-11-18T12:28:15+00:00 INFO Array
(
    [Webhook Delivery] => Array
        (
            [Delivery ID] => 797926522bedb4512e56e48387245e84
            [Date] => nov 18, 2022 @ 12:28
            [URL] => https://production.rutterapi.com/woocommerce/webhooks/db4ea65d-79db-4363-91da-00933dae6b42
            [Duration] => 0.31935
            [Request] => Array
                (
                    [Method] => POST
                    [Headers] => Array
                        (
                            [User-Agent] => WooCommerce/7.0.0 Hookshot (WordPress/6.1.1)
                            [Content-Type] => application/json
                            [X-WC-Webhook-Source] => https://test.tomassotables.com/nl/
                            [X-WC-Webhook-Topic] => product.deleted
                            [X-WC-Webhook-Resource] => product
                            [X-WC-Webhook-Event] => deleted
                            [X-WC-Webhook-Signature] => w2gvLUOy3b6gUqXYZe5B0qXhX5b6fopdih8+lmxm0Eg=
                            [X-WC-Webhook-ID] => 2
                            [X-WC-Webhook-Delivery-ID] => 797926522bedb4512e56e48387245e84
                        )

                )

            [Body] => Webhook body is not logged unless WP_DEBUG mode is turned on. This is to avoid the storing of personal data in the logs.
            [Response] => Array
                (
                    [Code] => 200
                    [Message] => OK
                    [Headers] => Requests_Utility_CaseInsensitiveDictionary Object
                        (
                            [data:protected] => Array
                                (
                                    [date] => Fri, 18 Nov 2022 12:28:15 GMT
                                    [content-type] => text/plain; charset=utf-8
                                    [content-length] => 2
                                    [x-powered-by] => Express
                                    [access-control-allow-origin] => *
                                    [etag] => W/"2-nOO9QiTIwXgNtWtBJezz8kv3SLc"
                                    [via] => 1.1 vegur
                                    [cf-cache-status] => DYNAMIC
                                    [report-to] => {"endpoints":[{"url":"https:\/\/a.nel.cloudflare.com\/report\/v3?s=o2KwrMX9yqFHKmTIuWb4%2FOKOYQd8xfIxbqljmTGUn6DG0y9IvpL%2FzWbo2nKuUaQ6ub4aqgmM8ugD8aV5qgLCBfrPvJmtb38WF7dAIFNFEE%2F2tyeUpa8%2B7cnZWX4WyjpI7QzhVMwVcczXMWSZOdPV%2B4wKRKASzQ%3D%3D"}],"group":"cf-nel","max_age":604800}
                                    [nel] => {"success_fraction":0,"report_to":"cf-nel","max_age":604800}
                                    [server] => cloudflare
                                    [cf-ray] => 76c0b4719b5e1af8-AMS
                                )

                        )

                    [Body] => Webhook body is not logged unless WP_DEBUG mode is turned on. This is to avoid the storing of personal data in the logs.
                )

        )

)

2022-11-18T15:57:23+00:00 INFO Array
(
    [Webhook Delivery] => Array
        (
            [Delivery ID] => 1542dbb36e4ff7e6c6ad8f3d7cde2da3
            [Date] => nov 18, 2022 @ 15:57
            [URL] => https://production.rutterapi.com/woocommerce/webhooks/db4ea65d-79db-4363-91da-00933dae6b42
            [Duration] => 0.5062
            [Request] => Array
                (
                    [Method] => POST
                    [Headers] => Array
                        (
                            [User-Agent] => WooCommerce/7.0.0 Hookshot (WordPress/6.1.1)
                            [Content-Type] => application/json
                            [X-WC-Webhook-Source] => https://test.tomassotables.com/nl/
                            [X-WC-Webhook-Topic] => product.updated
                            [X-WC-Webhook-Resource] => product
                            [X-WC-Webhook-Event] => updated
                            [X-WC-Webhook-Signature] => 45qPeqgOPXjzIhfVnOiHcJTvQ/wJq+dtvGviEl0lXrc=
                            [X-WC-Webhook-ID] => 3
                            [X-WC-Webhook-Delivery-ID] => 1542dbb36e4ff7e6c6ad8f3d7cde2da3
                        )

                )

            [Body] => Webhook body is not logged unless WP_DEBUG mode is turned on. This is to avoid the storing of personal data in the logs.
            [Response] => Array
                (
                    [Code] => 200
                    [Message] => OK
                    [Headers] => Requests_Utility_CaseInsensitiveDictionary Object
                        (
                            [data:protected] => Array
                                (
                                    [date] => Fri, 18 Nov 2022 15:57:23 GMT
                                    [content-type] => text/plain; charset=utf-8
                                    [content-length] => 2
                                    [x-powered-by] => Express
                                    [access-control-allow-origin] => *
                                    [etag] => W/"2-nOO9QiTIwXgNtWtBJezz8kv3SLc"
                                    [via] => 1.1 vegur
                                    [cf-cache-status] => DYNAMIC
                                    [report-to] => {"endpoints":[{"url":"https:\/\/a.nel.cloudflare.com\/report\/v3?s=478X0sHar468GrsNnIuV7vzQZYI6tVmNvO8XFRIq7TEzJb7xCwdfQ2tM3%2Fi0O%2BwFN413m7NQg%2FG3GEKcR%2FPwJ5rHjyoKLP0y4VMcxxCYeTsyQ9nTPmcrBa7CJ4l%2FKjwG18%2B5cD%2FvAKAUwCZV6chGqDatZqFPRg%3D%3D"}],"group":"cf-nel","max_age":604800}
                                    [nel] => {"success_fraction":0,"report_to":"cf-nel","max_age":604800}
                                    [server] => cloudflare
                                    [cf-ray] => 76c1e6ce3a5fb8ba-AMS
                                )

                        )

                    [Body] => Webhook body is not logged unless WP_DEBUG mode is turned on. This is to avoid the storing of personal data in the logs.
                )

        )

)

2022-11-18T17:47:03+00:00 INFO Array
(
    [Webhook Delivery] => Array
        (
            [Delivery ID] => 60f367d105b811bddaad15fb258976e7
            [Date] => nov 18, 2022 @ 17:47
            [URL] => https://production.rutterapi.com/woocommerce/webhooks/db4ea65d-79db-4363-91da-00933dae6b42
            [Duration] => 0.33065
            [Request] => Array
                (
                    [Method] => POST
                    [Headers] => Array
                        (
                            [User-Agent] => WooCommerce/7.0.0 Hookshot (WordPress/6.1.1)
                            [Content-Type] => application/json
                            [X-WC-Webhook-Source] => https://test.tomassotables.com/nl/
                            [X-WC-Webhook-Topic] => order.deleted
                            [X-WC-Webhook-Resource] => order
                            [X-WC-Webhook-Event] => deleted
                            [X-WC-Webhook-Signature] => pqIZ/G5zGBCt2PIXOo3HN7C9soQgCbzgOzWBfWshqAs=
                            [X-WC-Webhook-ID] => 1
                            [X-WC-Webhook-Delivery-ID] => 60f367d105b811bddaad15fb258976e7
                        )

                )

            [Body] => Webhook body is not logged unless WP_DEBUG mode is turned on. This is to avoid the storing of personal data in the logs.
            [Response] => Array
                (
                    [Code] => 200
                    [Message] => OK
                    [Headers] => Requests_Utility_CaseInsensitiveDictionary Object
                        (
                            [data:protected] => Array
                                (
                                    [date] => Fri, 18 Nov 2022 17:47:03 GMT
                                    [content-type] => text/plain; charset=utf-8
                                    [content-length] => 2
                                    [x-powered-by] => Express
                                    [access-control-allow-origin] => *
                                    [etag] => W/"2-nOO9QiTIwXgNtWtBJezz8kv3SLc"
                                    [via] => 1.1 vegur
                                    [cf-cache-status] => DYNAMIC
                                    [report-to] => {"endpoints":[{"url":"https:\/\/a.nel.cloudflare.com\/report\/v3?s=%2F9pv7u7ROjlsXVPmirHAxXcrTiYGlGEK8VW%2BEN1jPzT7eA64il3O5Li3lI%2F1%2FjulquciXOMwpXLL4GRfTV9cJQF5JxnhI26WITmdo601qcvJeofhVOCCzoelsQUrmHLzazPR4tStfncPLS7sY6kHKOf6Z0uLNw%3D%3D"}],"group":"cf-nel","max_age":604800}
                                    [nel] => {"success_fraction":0,"report_to":"cf-nel","max_age":604800}
                                    [server] => cloudflare
                                    [cf-ray] => 76c28773cf70b722-AMS
                                )

                        )

                    [Body] => Webhook body is not logged unless WP_DEBUG mode is turned on. This is to avoid the storing of personal data in the logs.
                )

        )

)

2022-11-18T17:47:04+00:00 INFO Array
(
    [Webhook Delivery] => Array
        (
            [Delivery ID] => 60f367d105b811bddaad15fb258976e7
            [Date] => nov 18, 2022 @ 17:47
            [URL] => https://production.rutterapi.com/woocommerce/webhooks/db4ea65d-79db-4363-91da-00933dae6b42
            [Duration] => 0.32205
            [Request] => Array
                (
                    [Method] => POST
                    [Headers] => Array
                        (
                            [User-Agent] => WooCommerce/7.0.0 Hookshot (WordPress/6.1.1)
                            [Content-Type] => application/json
                            [X-WC-Webhook-Source] => https://test.tomassotables.com/nl/
                            [X-WC-Webhook-Topic] => order.deleted
                            [X-WC-Webhook-Resource] => order
                            [X-WC-Webhook-Event] => deleted
                            [X-WC-Webhook-Signature] => fjcE+onBbqoR4qAXJbz0JRGLxvYd1bOW5yV3UKwZUIg=
                            [X-WC-Webhook-ID] => 1
                            [X-WC-Webhook-Delivery-ID] => 60f367d105b811bddaad15fb258976e7
                        )

                )

            [Body] => Webhook body is not logged unless WP_DEBUG mode is turned on. This is to avoid the storing of personal data in the logs.
            [Response] => Array
                (
                    [Code] => 200
                    [Message] => OK
                    [Headers] => Requests_Utility_CaseInsensitiveDictionary Object
                        (
                            [data:protected] => Array
                                (
                                    [date] => Fri, 18 Nov 2022 17:47:04 GMT
                                    [content-type] => text/plain; charset=utf-8
                                    [content-length] => 2
                                    [x-powered-by] => Express
                                    [access-control-allow-origin] => *
                                    [etag] => W/"2-nOO9QiTIwXgNtWtBJezz8kv3SLc"
                                    [via] => 1.1 vegur
                                    [cf-cache-status] => DYNAMIC
                                    [report-to] => {"endpoints":[{"url":"https:\/\/a.nel.cloudflare.com\/report\/v3?s=YyAodawAFWRKN6E78%2Fe0wPRXdDs76%2Fn1kvXHJIWE%2FGjg9La5TgZ1uPIhZC37ffVuRts6uoHIArwPw1pPVfQqk1hoN%2BJh2HiFw7HoEg12FpLLpB2ZfTMFHEyBQxJ860MHl4QQGO7iLm62IahK92QPmR9Abv2f7Q%3D%3D"}],"group":"cf-nel","max_age":604800}
                                    [nel] => {"success_fraction":0,"report_to":"cf-nel","max_age":604800}
                                    [server] => cloudflare
                                    [cf-ray] => 76c28775c8aeb98e-AMS
                                )

                        )

                    [Body] => Webhook body is not logged unless WP_DEBUG mode is turned on. This is to avoid the storing of personal data in the logs.
                )

        )

)

