2022-12-05T07:36:27+00:00 INFO Array
(
    [Webhook Delivery] => Array
        (
            [Delivery ID] => 9b0fb71799b609426c943903628adcd2
            [Date] => dec 5, 2022 @ 7:36
            [URL] => https://production.rutterapi.com/woocommerce/webhooks/db4ea65d-79db-4363-91da-00933dae6b42
            [Duration] => 0.35385
            [Request] => Array
                (
                    [Method] => POST
                    [Headers] => Array
                        (
                            [User-Agent] => WooCommerce/7.0.0 Hookshot (WordPress/6.1.1)
                            [Content-Type] => application/json
                            [X-WC-Webhook-Source] => https://test.tomassotables.com/
                            [X-WC-Webhook-Topic] => product.updated
                            [X-WC-Webhook-Resource] => product
                            [X-WC-Webhook-Event] => updated
                            [X-WC-Webhook-Signature] => QdDuZ5g0BMagaYLdO7VtDsAqd1cV2wNcEZ2lCtniCEk=
                            [X-WC-Webhook-ID] => 3
                            [X-WC-Webhook-Delivery-ID] => 9b0fb71799b609426c943903628adcd2
                        )

                )

            [Body] => Webhook body is not logged unless WP_DEBUG mode is turned on. This is to avoid the storing of personal data in the logs.
            [Response] => Array
                (
                    [Code] => 200
                    [Message] => OK
                    [Headers] => Requests_Utility_CaseInsensitiveDictionary Object
                        (
                            [data:protected] => Array
                                (
                                    [date] => Mon, 05 Dec 2022 07:36:27 GMT
                                    [content-type] => text/plain; charset=utf-8
                                    [content-length] => 2
                                    [x-powered-by] => Express
                                    [access-control-allow-origin] => *
                                    [etag] => W/"2-nOO9QiTIwXgNtWtBJezz8kv3SLc"
                                    [via] => 1.1 vegur
                                    [cf-cache-status] => DYNAMIC
                                    [report-to] => {"endpoints":[{"url":"https:\/\/a.nel.cloudflare.com\/report\/v3?s=%2FkXjVr38sm36Udjs%2FKLKnpp4FRofWtpdgPiScHIRNffFcM96xXBWehXDEEPj04xAGtBT52%2FkTLK9p7LjvWdEisi5JTTY7x3%2BoS7Js70MOyrQWfG0JlTcRjD7vmcX3lHwGKfl3ocJjjqAxAMn2JRViWp2AtPpjg%3D%3D"}],"group":"cf-nel","max_age":604800}
                                    [nel] => {"success_fraction":0,"report_to":"cf-nel","max_age":604800}
                                    [server] => cloudflare
                                    [cf-ray] => 774b1c61c8cdb719-AMS
                                )

                        )

                    [Body] => Webhook body is not logged unless WP_DEBUG mode is turned on. This is to avoid the storing of personal data in the logs.
                )

        )

)

2022-12-05T07:46:46+00:00 INFO Array
(
    [Webhook Delivery] => Array
        (
            [Delivery ID] => 3fff20ce7192bef5fa4b158105b21c4f
            [Date] => dec 5, 2022 @ 7:46
            [URL] => https://production.rutterapi.com/woocommerce/webhooks/db4ea65d-79db-4363-91da-00933dae6b42
            [Duration] => 0.3522
            [Request] => Array
                (
                    [Method] => POST
                    [Headers] => Array
                        (
                            [User-Agent] => WooCommerce/7.0.0 Hookshot (WordPress/6.1.1)
                            [Content-Type] => application/json
                            [X-WC-Webhook-Source] => https://test.tomassotables.com/
                            [X-WC-Webhook-Topic] => product.updated
                            [X-WC-Webhook-Resource] => product
                            [X-WC-Webhook-Event] => updated
                            [X-WC-Webhook-Signature] => 7JAeYpbCkoSnyD/lsCkMuBhVgPAD6MAQ2t99UGmyn8I=
                            [X-WC-Webhook-ID] => 3
                            [X-WC-Webhook-Delivery-ID] => 3fff20ce7192bef5fa4b158105b21c4f
                        )

                )

            [Body] => Webhook body is not logged unless WP_DEBUG mode is turned on. This is to avoid the storing of personal data in the logs.
            [Response] => Array
                (
                    [Code] => 200
                    [Message] => OK
                    [Headers] => Requests_Utility_CaseInsensitiveDictionary Object
                        (
                            [data:protected] => Array
                                (
                                    [date] => Mon, 05 Dec 2022 07:46:46 GMT
                                    [content-type] => text/plain; charset=utf-8
                                    [content-length] => 2
                                    [x-powered-by] => Express
                                    [access-control-allow-origin] => *
                                    [etag] => W/"2-nOO9QiTIwXgNtWtBJezz8kv3SLc"
                                    [via] => 1.1 vegur
                                    [cf-cache-status] => DYNAMIC
                                    [report-to] => {"endpoints":[{"url":"https:\/\/a.nel.cloudflare.com\/report\/v3?s=jxHUnQuNkI1DLCFRumVDztE7at7Npg4sUpQufDAiYKw4LMbk%2F0oetN7YNu25WrUvF2cDdAjZtfN68%2FxifINvDzzMITZHzAk6JOHf%2BWnCmsi2bSCWPQ3PTUu9nInsn9D6skhrIgRWC0LsdylWNf7NFKh0fvcj%2Bw%3D%3D"}],"group":"cf-nel","max_age":604800}
                                    [nel] => {"success_fraction":0,"report_to":"cf-nel","max_age":604800}
                                    [server] => cloudflare
                                    [cf-ray] => 774b2b7d181db870-AMS
                                )

                        )

                    [Body] => Webhook body is not logged unless WP_DEBUG mode is turned on. This is to avoid the storing of personal data in the logs.
                )

        )

)

2022-12-05T07:51:50+00:00 INFO Array
(
    [Webhook Delivery] => Array
        (
            [Delivery ID] => e2beaaef1d7c62c77bfd855541049961
            [Date] => dec 5, 2022 @ 7:51
            [URL] => https://production.rutterapi.com/woocommerce/webhooks/db4ea65d-79db-4363-91da-00933dae6b42
            [Duration] => 0.40381
            [Request] => Array
                (
                    [Method] => POST
                    [Headers] => Array
                        (
                            [User-Agent] => WooCommerce/7.0.0 Hookshot (WordPress/6.1.1)
                            [Content-Type] => application/json
                            [X-WC-Webhook-Source] => https://test.tomassotables.com/
                            [X-WC-Webhook-Topic] => product.updated
                            [X-WC-Webhook-Resource] => product
                            [X-WC-Webhook-Event] => updated
                            [X-WC-Webhook-Signature] => MW5njNHoGnT1lUMUaZ2vZ3vvDSi8KrwaalREJ75qL3M=
                            [X-WC-Webhook-ID] => 3
                            [X-WC-Webhook-Delivery-ID] => e2beaaef1d7c62c77bfd855541049961
                        )

                )

            [Body] => Webhook body is not logged unless WP_DEBUG mode is turned on. This is to avoid the storing of personal data in the logs.
            [Response] => Array
                (
                    [Code] => 200
                    [Message] => OK
                    [Headers] => Requests_Utility_CaseInsensitiveDictionary Object
                        (
                            [data:protected] => Array
                                (
                                    [date] => Mon, 05 Dec 2022 07:51:50 GMT
                                    [content-type] => text/plain; charset=utf-8
                                    [content-length] => 2
                                    [x-powered-by] => Express
                                    [access-control-allow-origin] => *
                                    [etag] => W/"2-nOO9QiTIwXgNtWtBJezz8kv3SLc"
                                    [via] => 1.1 vegur
                                    [cf-cache-status] => DYNAMIC
                                    [report-to] => {"endpoints":[{"url":"https:\/\/a.nel.cloudflare.com\/report\/v3?s=Ir%2F2l45lrw1Jp4iGVxzsNP0G5pkaRZ7yNL5yyt6TlDv95erUHnlGzHMli%2FiiNale8I5tRL8%2F2%2FxmgaE12eC4yxccz1mJ1yLIgVDJ78udxJ%2FvrxIILR4gY4CiYzHM7gb1zpVO3gHkJfpiWoJ6MkLIiavurHDWJg%3D%3D"}],"group":"cf-nel","max_age":604800}
                                    [nel] => {"success_fraction":0,"report_to":"cf-nel","max_age":604800}
                                    [server] => cloudflare
                                    [cf-ray] => 774b32ecaa690a51-AMS
                                )

                        )

                    [Body] => Webhook body is not logged unless WP_DEBUG mode is turned on. This is to avoid the storing of personal data in the logs.
                )

        )

)

