2022-11-24T01:29:16+00:00 INFO Array
(
    [Webhook Delivery] => Array
        (
            [Delivery ID] => 8df547958334eb503b4b12d438daa4b6
            [Date] => nov 24, 2022 @ 1:29
            [URL] => https://production.rutterapi.com/woocommerce/webhooks/db4ea65d-79db-4363-91da-00933dae6b42
            [Duration] => 0.12972
            [Request] => Array
                (
                    [Method] => POST
                    [Headers] => Array
                        (
                            [User-Agent] => WooCommerce/7.0.0 Hookshot (WordPress/6.1.1)
                            [Content-Type] => application/json
                            [X-WC-Webhook-Source] => https://test.tomassotables.com/nl/
                            [X-WC-Webhook-Topic] => product.deleted
                            [X-WC-Webhook-Resource] => product
                            [X-WC-Webhook-Event] => deleted
                            [X-WC-Webhook-Signature] => kj2EneEGlfHgm8AO+AEWbqagWtqTzljfDwZAGIf3wN0=
                            [X-WC-Webhook-ID] => 2
                            [X-WC-Webhook-Delivery-ID] => 8df547958334eb503b4b12d438daa4b6
                        )

                )

            [Body] => Webhook body is not logged unless WP_DEBUG mode is turned on. This is to avoid the storing of personal data in the logs.
            [Response] => Array
                (
                    [Code] => 200
                    [Message] => OK
                    [Headers] => Requests_Utility_CaseInsensitiveDictionary Object
                        (
                            [data:protected] => Array
                                (
                                    [date] => Thu, 24 Nov 2022 01:29:16 GMT
                                    [content-type] => text/plain; charset=utf-8
                                    [content-length] => 2
                                    [x-powered-by] => Express
                                    [access-control-allow-origin] => *
                                    [etag] => W/"2-nOO9QiTIwXgNtWtBJezz8kv3SLc"
                                    [via] => 1.1 vegur
                                    [cf-cache-status] => DYNAMIC
                                    [report-to] => {"endpoints":[{"url":"https:\/\/a.nel.cloudflare.com\/report\/v3?s=ZBNCRelIUHtlbHmv%2BBuX6PYTrUKcxp%2BVbWF22BrPqO1ipSniSCiufgilt1rGm0MmS4re6nyp%2FkFFyzgrRepLLcBnUTYELiriASSD9rprUvvc848T59gK0RYsgvxR9QM3RCxHN1gFJnex11mRNN8dzuhQghRYdw%3D%3D"}],"group":"cf-nel","max_age":604800}
                                    [nel] => {"success_fraction":0,"report_to":"cf-nel","max_age":604800}
                                    [server] => cloudflare
                                    [cf-ray] => 76ee5f673d870bce-AMS
                                )

                        )

                    [Body] => Webhook body is not logged unless WP_DEBUG mode is turned on. This is to avoid the storing of personal data in the logs.
                )

        )

)

2022-11-24T05:33:14+00:00 INFO Array
(
    [Webhook Delivery] => Array
        (
            [Delivery ID] => 46db02bce730893f91c667f04cd11a66
            [Date] => Nov 24, 2022 @ 5:33
            [URL] => https://production.rutterapi.com/woocommerce/webhooks/db4ea65d-79db-4363-91da-00933dae6b42
            [Duration] => 0.34051
            [Request] => Array
                (
                    [Method] => POST
                    [Headers] => Array
                        (
                            [User-Agent] => WooCommerce/7.0.0 Hookshot (WordPress/6.1.1)
                            [Content-Type] => application/json
                            [X-WC-Webhook-Source] => https://test.tomassotables.com/nl/
                            [X-WC-Webhook-Topic] => product.deleted
                            [X-WC-Webhook-Resource] => product
                            [X-WC-Webhook-Event] => deleted
                            [X-WC-Webhook-Signature] => SDO/nSIaLP+XmaVcExKGRJY32p8O3FK+FaueVS7IfWk=
                            [X-WC-Webhook-ID] => 2
                            [X-WC-Webhook-Delivery-ID] => 46db02bce730893f91c667f04cd11a66
                        )

                )

            [Body] => Webhook body is not logged unless WP_DEBUG mode is turned on. This is to avoid the storing of personal data in the logs.
            [Response] => Array
                (
                    [Code] => 200
                    [Message] => OK
                    [Headers] => Requests_Utility_CaseInsensitiveDictionary Object
                        (
                            [data:protected] => Array
                                (
                                    [date] => Thu, 24 Nov 2022 05:33:14 GMT
                                    [content-type] => text/plain; charset=utf-8
                                    [content-length] => 2
                                    [x-powered-by] => Express
                                    [access-control-allow-origin] => *
                                    [etag] => W/"2-nOO9QiTIwXgNtWtBJezz8kv3SLc"
                                    [via] => 1.1 vegur
                                    [cf-cache-status] => DYNAMIC
                                    [report-to] => {"endpoints":[{"url":"https:\/\/a.nel.cloudflare.com\/report\/v3?s=8Jug8GIvOHCuWXeK5ssKcPYNmuiklhHD0KfDi9jCyaCE7MO167tjxmkgtnqpG5mM9SF1e0K%2FC1TaKrXxuxx0AHrj9ZhJNtogVyrMdkVg8c7KTiXlwp2gByx6ySZcSQI%2B4513Mm87XWHo%2Fj13W%2FAOV2%2FbuB%2B2yQ%3D%3D"}],"group":"cf-nel","max_age":604800}
                                    [nel] => {"success_fraction":0,"report_to":"cf-nel","max_age":604800}
                                    [server] => cloudflare
                                    [cf-ray] => 76efc4c51e461c7b-AMS
                                )

                        )

                    [Body] => Webhook body is not logged unless WP_DEBUG mode is turned on. This is to avoid the storing of personal data in the logs.
                )

        )

)

2022-11-24T05:34:15+00:00 INFO Array
(
    [Webhook Delivery] => Array
        (
            [Delivery ID] => ad8831649d42ee377077a5ab304ec8bb
            [Date] => Nov 24, 2022 @ 5:34
            [URL] => https://production.rutterapi.com/woocommerce/webhooks/db4ea65d-79db-4363-91da-00933dae6b42
            [Duration] => 0.31773
            [Request] => Array
                (
                    [Method] => POST
                    [Headers] => Array
                        (
                            [User-Agent] => WooCommerce/7.0.0 Hookshot (WordPress/6.1.1)
                            [Content-Type] => application/json
                            [X-WC-Webhook-Source] => https://test.tomassotables.com/nl/
                            [X-WC-Webhook-Topic] => product.deleted
                            [X-WC-Webhook-Resource] => product
                            [X-WC-Webhook-Event] => deleted
                            [X-WC-Webhook-Signature] => NwXw9OvmRBG08sWhbgGHRl3QbKYZIO/CFjhMBLUmRUE=
                            [X-WC-Webhook-ID] => 2
                            [X-WC-Webhook-Delivery-ID] => ad8831649d42ee377077a5ab304ec8bb
                        )

                )

            [Body] => Webhook body is not logged unless WP_DEBUG mode is turned on. This is to avoid the storing of personal data in the logs.
            [Response] => Array
                (
                    [Code] => 200
                    [Message] => OK
                    [Headers] => Requests_Utility_CaseInsensitiveDictionary Object
                        (
                            [data:protected] => Array
                                (
                                    [date] => Thu, 24 Nov 2022 05:34:15 GMT
                                    [content-type] => text/plain; charset=utf-8
                                    [content-length] => 2
                                    [x-powered-by] => Express
                                    [access-control-allow-origin] => *
                                    [etag] => W/"2-nOO9QiTIwXgNtWtBJezz8kv3SLc"
                                    [via] => 1.1 vegur
                                    [cf-cache-status] => DYNAMIC
                                    [report-to] => {"endpoints":[{"url":"https:\/\/a.nel.cloudflare.com\/report\/v3?s=52j0uchq%2BD1RETlwSG7YcXdMEZ3CljCJbSLrc706LR3f1NvDt0WY3myN%2FvG6qiFze%2Bd8mNjC7zKu1HoVRGdcPFZC83lg8swddj9P7WQU5L%2BXcJxuVwCSb%2BO1AGWM4EMCXvhrQvLMypJlJZb6jEvo4a%2BOvmdaeg%3D%3D"}],"group":"cf-nel","max_age":604800}
                                    [nel] => {"success_fraction":0,"report_to":"cf-nel","max_age":604800}
                                    [server] => cloudflare
                                    [cf-ray] => 76efc6438da10e2e-AMS
                                )

                        )

                    [Body] => Webhook body is not logged unless WP_DEBUG mode is turned on. This is to avoid the storing of personal data in the logs.
                )

        )

)

2022-11-24T05:56:12+00:00 INFO Array
(
    [Webhook Delivery] => Array
        (
            [Delivery ID] => 85a34edc3f3d3fa7582e13b707646f76
            [Date] => Nov 24, 2022 @ 5:56
            [URL] => https://production.rutterapi.com/woocommerce/webhooks/db4ea65d-79db-4363-91da-00933dae6b42
            [Duration] => 0.15931
            [Request] => Array
                (
                    [Method] => POST
                    [Headers] => Array
                        (
                            [User-Agent] => WooCommerce/7.0.0 Hookshot (WordPress/6.1.1)
                            [Content-Type] => application/json
                            [X-WC-Webhook-Source] => https://test.tomassotables.com/nl/
                            [X-WC-Webhook-Topic] => product.deleted
                            [X-WC-Webhook-Resource] => product
                            [X-WC-Webhook-Event] => deleted
                            [X-WC-Webhook-Signature] => um+r1jSqB8RUx7SzRjWM+Y+Pg1OpjJK0iB6oPWhdyf8=
                            [X-WC-Webhook-ID] => 2
                            [X-WC-Webhook-Delivery-ID] => 85a34edc3f3d3fa7582e13b707646f76
                        )

                )

            [Body] => Webhook body is not logged unless WP_DEBUG mode is turned on. This is to avoid the storing of personal data in the logs.
            [Response] => Array
                (
                    [Code] => 200
                    [Message] => OK
                    [Headers] => Requests_Utility_CaseInsensitiveDictionary Object
                        (
                            [data:protected] => Array
                                (
                                    [date] => Thu, 24 Nov 2022 05:56:12 GMT
                                    [content-type] => text/plain; charset=utf-8
                                    [content-length] => 2
                                    [x-powered-by] => Express
                                    [access-control-allow-origin] => *
                                    [etag] => W/"2-nOO9QiTIwXgNtWtBJezz8kv3SLc"
                                    [via] => 1.1 vegur
                                    [cf-cache-status] => DYNAMIC
                                    [report-to] => {"endpoints":[{"url":"https:\/\/a.nel.cloudflare.com\/report\/v3?s=ff6cPFE24NFCUa%2B1KmVqBVHLQIdmaHInbaDrSioOLNG4qmSyDM%2F90bHJsY%2FfxTwzyGHEWlonRqTQmEgmPMNuB92IYGkOsBcVHtVwZ3B42mIFNz25R8zXGCBP27ArFxtJYhqWqoy2%2BMigii0%2BPDdyo3B%2BW%2FzKcg%3D%3D"}],"group":"cf-nel","max_age":604800}
                                    [nel] => {"success_fraction":0,"report_to":"cf-nel","max_age":604800}
                                    [server] => cloudflare
                                    [cf-ray] => 76efe66ae825b7df-AMS
                                )

                        )

                    [Body] => Webhook body is not logged unless WP_DEBUG mode is turned on. This is to avoid the storing of personal data in the logs.
                )

        )

)

